    1  cd /opt/
    2  ls
    3  ifconfig | grep "192.168"
    4  exit
    5  cd /opt
    6  sudo git clone https://github.com/mkowalski9/COMMON.git
    7  ls
    8  cd COMMON/
    9  ls
   10  sudo cp profile /etc/
   11  pico ~/.profile 
   12  exit
   13  ifconfig | grep "192.168"
   14  sudo reboot
   15  cd /opt
   16  cd COMMON/
   17  ls
   18  ls -ltr
   19  ls -ltrh
   20  ls
   21  sudo mkdir afterMath
   22  sudo mv profile afterMath/
   23  sudo mv securityInstalls.log afterMath/
   24  sudo mv afterServerInstall afterMath/
   25  ls
   26  cd afterMath/
   27  ls
   28  sudo pico install_webmin.txt
   29  cat /etc/apt/sources.list
   30  sudo pico install_webmin.txt
   31  ls
   32  sudo chmod +x install_webmin.txt 
   33  ls
   34  sudo mv install_webmin.txt install_webmin
   35  ls
   36  echo $PATH
   37  cd /etc/apt
   38  ls
   39  mkbk sources.list
   40  ls
   41  sudo apt update ; sudo apt upgrade
   42  ls
   43  cd opt
   44  cd /opt
   45  cd COMMON/
   46  ls
   47  cd afterMath/
   48  ls
   49  cat install_webmin 
   50  sudo pico install_webmin 
   51  ./install_webmin 
   52  cat install_webmin 
   53  sudo echo "" >> /etc/apt/source.list
   54  cd /
   55  cd etc
   56  cd apt/
   57  sudo echo "" >> sudo /etc/apt/source.list
   58  sudo pico sources.list
   59  cd /opt/COMMON/afterMath/
   60  sudo pico install_webmin 
   61  cd ~
   62  ls
   63  ls webmin/
   64  rm -rf webmin/
   65  cd /opt
   66  cd COMMON/
   67  cd afterMath/
   68  ./install_webmin 
   69  ls
   70  ifconfig | grep "192.168"
   71  cd /etc
   72  cd network/
   73  serch -sr "192.168.1.20"
   74  ls
   75  cat interfaces
   76  ifconfig | grep "192.168"
   77  sudo reboot
   78  ifconfig | grep "192.168"
   79  ~
   80  whoami
   81  cd /
   82  cd opt
   83  cd COMMON/
   84  cd afterMath/
   85  ls
   86  cat securityInstalls.log 
   87  ls
   88  sudo cp /etc/modsecurity/modsecurity.conf-recommended /etc/modsecurity/modsecurity.conf
   89  cd /
   90  cd etc
   91  cd modsecurity/
   92  ls
   93  sudo pico modsecurity.conf
   94  cd /
   95  cd tmp
   96  ls
   97  sudo wget -O SpiderLabs-owasp-modsecurity-crs.tar.gz https://github.com/SpiderLabs/owasp-modsecurity-crs/tarball/master
   98  sudo tar -zxvf SpiderLabs-owasp-modsecurity-crs.tar.gz 
   99  ls
  100  sudo cp -R SpiderLabs-owasp-modsecurity-crs-*/* /etc/modsecurity/
  101  sudo ls SpiderLabs-owasp-modsecurity-crs-*/* /etc/modsecurity/
  102  sudo rm SpiderLabs-owasp-modsecurity-crs.tar.gz 
  103  ls
  104  sudo rm -R SpiderLabs-owasp-modsecurity-crs-*
  105  cd /
  106  cd etc
  107  cd modsecurity/
  108  sudo cp modsecurity_crs_10_setup.conf.example modsecurity_crs_10_setup.conf
  109  cd base_rules/
  110  for f in * ; do sudo ln -s /etc/modsecurity/base_rules/$f /etc/modsecurity/activated_rules/$f ; done
  111  cd /etc/modsecurity/optional_rules/
  112  for f in * ; do sudo ln -s /etc/modsecurity/optional_rules/$f /etc/modsecutiry/activated_rules/$f ; done
  113  for f in * ; do sudo ln -s /etc/modsecurity/optional_rules/$f /etc/modsecurity/activated_rules/$f ; done
  114  sudo pico /etc/apache2/mods-available/mod-security.conf
  115  sudo a2enmod headers
  116  sudo a2enmod mod-security
  117  sudo a2enmod modsecurity
  118  sudo pico /etc/apache2/mods-enabled/security2.conf 
  119  sudo a2enmod modsecurity
  120  sudo a2enmod mod-security
  121  cd /etc/apache2/mods-available/
  122  sudo a2enmod security2
  123  service apache2 restart
  124  sudo apt install libapache2-mod-evasive
  125  sudo mkdir /var/log/mod_evasive
  126  sudo chown www-data:www-data /var/log/mod_evasive/
  127  sudo pico /etc/apache2/mods-available/mod-evasive.conf
  128  mail
  129  exit
  130  history
  131  history > ~/command_history2.log
