    1  cd /opt/
    2  ls
    3  ifconfig | grep "192.168"
    4  exit
    5  cd /opt
    6  sudo git clone https://github.com/mkowalski9/COMMON.git
    7  ls
    8  cd COMMON/
    9  ls
   10  sudo cp profile /etc/
   11  pico ~/.profile 
   12  exit
   13  ifconfig | grep "192.168"
   14  sudo reboot
   15  cd /opt
   16  cd COMMON/
   17  ls
   18  ls -ltr
   19  ls -ltrh
   20  ls
   21  sudo mkdir afterMath
   22  sudo mv profile afterMath/
   23  sudo mv securityInstalls.log afterMath/
   24  sudo mv afterServerInstall afterMath/
   25  ls
   26  cd afterMath/
   27  ls
   28  sudo pico install_webmin.txt
   29  cat /etc/apt/sources.list
   30  sudo pico install_webmin.txt
   31  ls
   32  sudo chmod +x install_webmin.txt 
   33  ls
   34  sudo mv install_webmin.txt install_webmin
   35  ls
   36  echo $PATH
   37  cd /etc/apt
   38  ls
   39  mkbk sources.list
   40  ls
   41  sudo apt update ; sudo apt upgrade
   42  ls
   43  cd opt
   44  cd /opt
   45  cd COMMON/
   46  ls
   47  cd afterMath/
   48  ls
   49  cat install_webmin 
   50  sudo pico install_webmin 
   51  ./install_webmin 
   52  cat install_webmin 
   53  sudo echo "" >> /etc/apt/source.list
   54  cd /
   55  cd etc
   56  cd apt/
   57  sudo echo "" >> sudo /etc/apt/source.list
   58  sudo pico sources.list
   59  cd /opt/COMMON/afterMath/
   60  sudo pico install_webmin 
   61  cd ~
   62  ls
   63  ls webmin/
   64  rm -rf webmin/
   65  cd /opt
   66  cd COMMON/
   67  cd afterMath/
   68  ./install_webmin 
   69  ls
   70  ifconfig | grep "192.168"
   71  cd /etc
   72  cd network/
   73  serch -sr "192.168.1.20"
   74  ls
   75  cat interfaces
   76  ifconfig | grep "192.168"
   77  sudo reboot
   78  ls
   79  cd /opt
   80  cd COMMON/
   81  git status
   82  sudo git add *
   83  git status
   84  sudo git commit -m "Updates to afterMath"
   85  sudo git config --global credential.helper cache
   86  git config --global credential.helper "cache --timeout=9999"
   87  git status
   88  sudo git push
   89  ln -s /usr/lib/x86_64-linux-gnu/libxml2.so.2 /usr/lib/libxml2.so.2
   90  sudo ln -s /usr/lib/x86_64-linux-gnu/libxml2.so.2 /usr/lib/libxml2.so.2
   91  sudo apt install libxml2 libxml2-dev libxml2-utils libaprutil1 libaprutil1-dev libapache2-mod-security2 
   92  pico /opt/COMMON/afterMath/securityInstalls.log 
   93  sudo pico /etc/apache2/mods-available/mod-evasive.conf
   94  sudo ln -s /etc/alternatives/mail /bin/mail/
   95  sudo a2enmod mod-evasive 
   96  service apache2 restart
   97  sudo apt install denyhosts
   98  sudo pico /etc/denyhosts.conf 
   99  sudo pico /etc/apache2/mods-available/mod-evasive.conf
  100  sudo pico /etc/denyhosts.conf 
  101  sudo apt install fail2ban
  102  sudo pico /etc/fail2ban/
  103  sudo pico /etc/fail2ban/jail.conf
  104  sudo pico /etc/fail2ban/jail.local
  105  sudo pico /etc/fail2ban/filter.dpureftpd.conf
  106  sudo pico /etc/fail2ban/filter.d/courierpop3.conf
  107  sudo pico /etc/fail2ban/filter.d/courierpop3s.conf
  108  sudo pico /etc/fail2ban/filter.d/courierimap.conf
  109  sudo pico /etc/fail2ban/filter.d/courierimaps.conf
  110  /etc/init.d/fail2ban restart
  111  sudo /etc/init.d/fail2ban restart
  112  sudo fail2ban-client status
  113  sudo rkhunter --update
  114  sudo apt install rkhunter
  115  sudo rkhunter --update
  116  sudo rkhunter --propupd
  117  sudo rkhunter --check
  118  sudo apt install nmap
  119  nmap -v -sT localhost
  120  nmap -v -sS localhost
  121  sudo nmap -v -sS localhost
  122  sudo nmap -v -sS 192.168.1.3
  123  sudo apt install logwatch libdate-manip-perl
  124  sudo logwatch | less
  125  sudo apt install tiger
  126  sudo tiger
  127  sudo less /var/log/tiger/security.report.*
  128  sudo pico /etc/profile
  129  source /etc/profile
  130  sudo pico /etc/profile
  131  source ~/.profile
  132  history
  133  sudo history > /opt/COMMON/afterMath/command_history.log
  134  sudo history > sudo /opt/COMMON/afterMath/command_history.log
  135  history > ~/command_history.log
